#
# There is insufficient memory for the Java Runtime Environment to continue.
# Native memory allocation (malloc) failed to allocate 374416 bytes for Chunk::new
# Possible reasons:
#   The system is out of physical RAM or swap space
#   The process is running with CompressedOops enabled, and the Java Heap may be blocking the growth of the native heap
# Possible solutions:
#   Reduce memory load on the system
#   Increase physical memory or swap space
#   Check if swap backing store is full
#   Decrease Java heap size (-Xmx/-Xms)
#   Decrease number of Java threads
#   Decrease Java thread stack sizes (-Xss)
#   Set larger code cache with -XX:ReservedCodeCacheSize=
#   JVM is running with Unscaled Compressed Oops mode in which the Java heap is
#     placed in the first 4GB address space. The Java Heap base address is the
#     maximum limit for the native heap growth. Please use -XX:HeapBaseMinAddress
#     to set the Java Heap base and to place the Java Heap above 4GB virtual address.
# This output file may be truncated or incomplete.
#
#  Out of Memory Error (./src/hotspot/share/memory/arena.cpp:197), pid=9676, tid=9544
#
# JRE version: OpenJDK Runtime Environment Zulu11.52+13-CA (11.0.13+8) (build 11.0.13+8-LTS)
# Java VM: OpenJDK 64-Bit Server VM Zulu11.52+13-CA (11.0.13+8-LTS, mixed mode, tiered, compressed oops, g1 gc, windows-amd64)
# No core dump will be written. Minidumps are not enabled by default on client versions of Windows
#

---------------  S U M M A R Y ------------

Command Line: C:\Users\Lenovo\AppData\Local\Temp\surefire1348651016273634492\surefirebooter9628637190947362061.jar C:\Users\Lenovo\AppData\Local\Temp\surefire1348651016273634492 2021-10-26T14-20-20_109-jvmRun1 surefire12361069995852523914tmp surefire_03253519204998193649tmp

Host: Intel(R) Core(TM) i3-8130U CPU @ 2.20GHz, 4 cores, 3G,  Windows 10 , 64 bit Build 19041 (10.0.19041.1202)
Time: Tue Oct 26 14:20:21 2021 Hora est. Pacífico, Sudamérica elapsed time: 0.665943 seconds (0d 0h 0m 0s)

---------------  T H R E A D  ---------------

Current thread (0x000001736bcb5000):  JavaThread "C2 CompilerThread0" daemon [_thread_in_native, id=9544, stack(0x0000005378000000,0x0000005378100000)]


Current CompileTask:
C2:    666  785  s!   4       jdk.internal.loader.URLClassPath::getLoader (194 bytes)

Stack: [0x0000005378000000,0x0000005378100000]
Native frames: (J=compiled Java code, j=interpreted, Vv=VM code, C=native code)
V  [jvm.dll+0x62373a]
V  [jvm.dll+0x7b0769]
V  [jvm.dll+0x7b1e2f]
V  [jvm.dll+0x7b2503]
V  [jvm.dll+0x253658]
V  [jvm.dll+0xc260c]
V  [jvm.dll+0xc2bcc]
V  [jvm.dll+0x35d707]
V  [jvm.dll+0x32a263]
V  [jvm.dll+0x32959a]
V  [jvm.dll+0x208ae5]
V  [jvm.dll+0x207ccd]
V  [jvm.dll+0x18a031]
V  [jvm.dll+0x2176e9]
V  [jvm.dll+0x2158db]
V  [jvm.dll+0x7730a0]
V  [jvm.dll+0x76c004]
V  [jvm.dll+0x6225d6]
C  [ucrtbase.dll+0x21bb2]
C  [KERNEL32.DLL+0x17034]
C  [ntdll.dll+0x52651]


---------------  P R O C E S S  ---------------

Threads class SMR info:
_java_thread_list=0x000001736c221720, length=12, elements={
0x000001734e95c000, 0x000001736bca6000, 0x000001736bc9c000, 0x000001736bd05800,
0x000001736bd06800, 0x000001736bcad800, 0x000001736bcb5000, 0x000001736bcb6800,
0x000001736bcb9800, 0x000001736bf9d800, 0x000001736c0a4800, 0x000001736c1ff000
}

Java Threads: ( => current thread )
  0x000001734e95c000 JavaThread "main" [_thread_blocked, id=14672, stack(0x0000005377400000,0x0000005377500000)]
  0x000001736bca6000 JavaThread "Reference Handler" daemon [_thread_blocked, id=15324, stack(0x0000005377b00000,0x0000005377c00000)]
  0x000001736bc9c000 JavaThread "Finalizer" daemon [_thread_blocked, id=13584, stack(0x0000005377c00000,0x0000005377d00000)]
  0x000001736bd05800 JavaThread "Signal Dispatcher" daemon [_thread_blocked, id=6380, stack(0x0000005377d00000,0x0000005377e00000)]
  0x000001736bd06800 JavaThread "Attach Listener" daemon [_thread_blocked, id=14996, stack(0x0000005377e00000,0x0000005377f00000)]
  0x000001736bcad800 JavaThread "Service Thread" daemon [_thread_blocked, id=5968, stack(0x0000005377f00000,0x0000005378000000)]
=>0x000001736bcb5000 JavaThread "C2 CompilerThread0" daemon [_thread_in_native, id=9544, stack(0x0000005378000000,0x0000005378100000)]
  0x000001736bcb6800 JavaThread "C1 CompilerThread0" daemon [_thread_blocked, id=13776, stack(0x0000005378100000,0x0000005378200000)]
  0x000001736bcb9800 JavaThread "Sweeper thread" daemon [_thread_blocked, id=9292, stack(0x0000005378200000,0x0000005378300000)]
  0x000001736bf9d800 JavaThread "Common-Cleaner" daemon [_thread_blocked, id=9564, stack(0x0000005378400000,0x0000005378500000)]
  0x000001736c0a4800 JavaThread "surefire-forkedjvm-command-thread" daemon [_thread_in_native, id=8176, stack(0x0000005378500000,0x0000005378600000)]
  0x000001736c1ff000 JavaThread "surefire-forkedjvm-ping-30s" daemon [_thread_blocked, id=2696, stack(0x0000005378600000,0x0000005378700000)]

Other Threads:
  0x000001736bc70000 VMThread "VM Thread" [stack: 0x0000005377a00000,0x0000005377b00000] [id=13644]
  0x000001736bf94000 WatcherThread [stack: 0x0000005378300000,0x0000005378400000] [id=5424]
  0x000001734e975000 GCTaskThread "GC Thread#0" [stack: 0x0000005377500000,0x0000005377600000] [id=15228]
  0x000001736c71d000 GCTaskThread "GC Thread#1" [stack: 0x0000005378700000,0x0000005378800000] [id=12616]
  0x000001734e98f000 ConcurrentGCThread "G1 Main Marker" [stack: 0x0000005377600000,0x0000005377700000] [id=4400]
  0x000001734e991000 ConcurrentGCThread "G1 Conc#0" [stack: 0x0000005377700000,0x0000005377800000] [id=3888]
  0x000001734e9e8800 ConcurrentGCThread "G1 Refine#0" [stack: 0x0000005377800000,0x0000005377900000] [id=10908]
  0x000001734e9e9800 ConcurrentGCThread "G1 Young RemSet Sampling" [stack: 0x0000005377900000,0x0000005377a00000] [id=14856]

Threads with active compile tasks:
C2 CompilerThread0    927  785  s!   4       jdk.internal.loader.URLClassPath::getLoader (194 bytes)

VM state:at safepoint (normal execution)

VM Mutex/Monitor currently owned by a thread:  ([mutex/lock_event])
[0x000001734e959c90] Threads_lock - owner thread: 0x000001736bc70000
[0x000001734e959c00] Heap_lock - owner thread: 0x000001734e95c000

Heap address: 0x00000000c1600000, size: 1002 MB, Compressed Oops mode: 32-bit
Narrow klass base: 0x0000000000000000, Narrow klass shift: 3
Compressed class space size: 1073741824 Address: 0x0000000100000000

Heap:
 garbage-first heap   total 65536K, used 7280K [0x00000000c1600000, 0x0000000100000000)
  region size 1024K, 1 young (1024K), 1 survivors (1024K)
 Metaspace       used 11167K, capacity 11342K, committed 11392K, reserved 1067008K
  class space    used 1025K, capacity 1106K, committed 1152K, reserved 1048576K
Heap Regions: E=young(eden), S=young(survivor), O=old, HS=humongous(starts), HC=humongous(continues), CS=collection set, F=free, A=archive, TAMS=top-at-mark-start (previous, next)
|   0|0x00000000c1600000, 0x00000000c1700000, 0x00000000c1700000|100%|HS|  |TAMS 0x00000000c1600000, 0x00000000c1700000| Complete 
|   1|0x00000000c1700000, 0x00000000c1800000, 0x00000000c1800000|100%| O|  |TAMS 0x00000000c1700000, 0x00000000c1800000| Untracked 
|   2|0x00000000c1800000, 0x00000000c1900000, 0x00000000c1900000|100%| O|  |TAMS 0x00000000c1800000, 0x00000000c1900000| Untracked 
|   3|0x00000000c1900000, 0x00000000c1a00000, 0x00000000c1a00000|100%| O|  |TAMS 0x00000000c1900000, 0x00000000c1a00000| Untracked 
|   4|0x00000000c1a00000, 0x00000000c1b00000, 0x00000000c1b00000|100%| O|  |TAMS 0x00000000c1a00000, 0x00000000c1b00000| Untracked 
|   5|0x00000000c1b00000, 0x00000000c1c00000, 0x00000000c1c00000|100%| O|  |TAMS 0x00000000c1b00000, 0x00000000c1c00000| Untracked 
|   6|0x00000000c1c00000, 0x00000000c1cef000, 0x00000000c1d00000| 93%| O|  |TAMS 0x00000000c1c00000, 0x00000000c1cef000| Untracked 
|   7|0x00000000c1d00000, 0x00000000c1d00000, 0x00000000c1e00000|  0%| F|  |TAMS 0x00000000c1d00000, 0x00000000c1d00000| Untracked 
|   8|0x00000000c1e00000, 0x00000000c1e00000, 0x00000000c1f00000|  0%| F|  |TAMS 0x00000000c1e00000, 0x00000000c1e00000| Untracked 
|   9|0x00000000c1f00000, 0x00000000c1f00000, 0x00000000c2000000|  0%| F|  |TAMS 0x00000000c1f00000, 0x00000000c1f00000| Untracked 
|  10|0x00000000c2000000, 0x00000000c2000000, 0x00000000c2100000|  0%| F|  |TAMS 0x00000000c2000000, 0x00000000c2000000| Untracked 
|  11|0x00000000c2100000, 0x00000000c2100000, 0x00000000c2200000|  0%| F|  |TAMS 0x00000000c2100000, 0x00000000c2100000| Untracked 
|  12|0x00000000c2200000, 0x00000000c2200000, 0x00000000c2300000|  0%| F|  |TAMS 0x00000000c2200000, 0x00000000c2200000| Untracked 
|  13|0x00000000c2300000, 0x00000000c2300000, 0x00000000c2400000|  0%| F|  |TAMS 0x00000000c2300000, 0x00000000c2300000| Untracked 
|  14|0x00000000c2400000, 0x00000000c2400000, 0x00000000c2500000|  0%| F|  |TAMS 0x00000000c2400000, 0x00000000c2400000| Untracked 
|  15|0x00000000c2500000, 0x00000000c2500000, 0x00000000c2600000|  0%| F|  |TAMS 0x00000000c2500000, 0x00000000c2500000| Untracked 
|  16|0x00000000c2600000, 0x00000000c2600000, 0x00000000c2700000|  0%| F|  |TAMS 0x00000000c2600000, 0x00000000c2600000| Untracked 
|  17|0x00000000c2700000, 0x00000000c2700000, 0x00000000c2800000|  0%| F|  |TAMS 0x00000000c2700000, 0x00000000c2700000| Untracked 
|  18|0x00000000c2800000, 0x00000000c2800000, 0x00000000c2900000|  0%| F|  |TAMS 0x00000000c2800000, 0x00000000c2800000| Untracked 
|  19|0x00000000c2900000, 0x00000000c2900000, 0x00000000c2a00000|  0%| F|  |TAMS 0x00000000c2900000, 0x00000000c2900000| Untracked 
|  20|0x00000000c2a00000, 0x00000000c2a00000, 0x00000000c2b00000|  0%| F|  |TAMS 0x00000000c2a00000, 0x00000000c2a00000| Untracked 
|  21|0x00000000c2b00000, 0x00000000c2b00000, 0x00000000c2c00000|  0%| F|  |TAMS 0x00000000c2b00000, 0x00000000c2b00000| Untracked 
|  22|0x00000000c2c00000, 0x00000000c2c00000, 0x00000000c2d00000|  0%| F|  |TAMS 0x00000000c2c00000, 0x00000000c2c00000| Untracked 
|  23|0x00000000c2d00000, 0x00000000c2d00000, 0x00000000c2e00000|  0%| F|  |TAMS 0x00000000c2d00000, 0x00000000c2d00000| Untracked 
|  24|0x00000000c2e00000, 0x00000000c2e00000, 0x00000000c2f00000|  0%| F|  |TAMS 0x00000000c2e00000, 0x00000000c2e00000| Untracked 
|  25|0x00000000c2f00000, 0x00000000c2f00000, 0x00000000c3000000|  0%| F|  |TAMS 0x00000000c2f00000, 0x00000000c2f00000| Untracked 
|  26|0x00000000c3000000, 0x00000000c3000000, 0x00000000c3100000|  0%| F|  |TAMS 0x00000000c3000000, 0x00000000c3000000| Untracked 
|  27|0x00000000c3100000, 0x00000000c3100000, 0x00000000c3200000|  0%| F|  |TAMS 0x00000000c3100000, 0x00000000c3100000| Untracked 
|  28|0x00000000c3200000, 0x00000000c3200000, 0x00000000c3300000|  0%| F|  |TAMS 0x00000000c3200000, 0x00000000c3200000| Untracked 
|  29|0x00000000c3300000, 0x00000000c3300000, 0x00000000c3400000|  0%| F|  |TAMS 0x00000000c3300000, 0x00000000c3300000| Untracked 
|  30|0x00000000c3400000, 0x00000000c3400000, 0x00000000c3500000|  0%| F|  |TAMS 0x00000000c3400000, 0x00000000c3400000| Untracked 
|  31|0x00000000c3500000, 0x00000000c3500000, 0x00000000c3600000|  0%| F|  |TAMS 0x00000000c3500000, 0x00000000c3500000| Untracked 
|  32|0x00000000c3600000, 0x00000000c3600000, 0x00000000c3700000|  0%| F|  |TAMS 0x00000000c3600000, 0x00000000c3600000| Untracked 
|  33|0x00000000c3700000, 0x00000000c3700000, 0x00000000c3800000|  0%| F|  |TAMS 0x00000000c3700000, 0x00000000c3700000| Untracked 
|  34|0x00000000c3800000, 0x00000000c3800000, 0x00000000c3900000|  0%| F|  |TAMS 0x00000000c3800000, 0x00000000c3800000| Untracked 
|  35|0x00000000c3900000, 0x00000000c3900000, 0x00000000c3a00000|  0%| F|  |TAMS 0x00000000c3900000, 0x00000000c3900000| Untracked 
|  36|0x00000000c3a00000, 0x00000000c3a00000, 0x00000000c3b00000|  0%| F|  |TAMS 0x00000000c3a00000, 0x00000000c3a00000| Untracked 
|  37|0x00000000c3b00000, 0x00000000c3b00000, 0x00000000c3c00000|  0%| F|  |TAMS 0x00000000c3b00000, 0x00000000c3b00000| Untracked 
|  38|0x00000000c3c00000, 0x00000000c3c00000, 0x00000000c3d00000|  0%| F|  |TAMS 0x00000000c3c00000, 0x00000000c3c00000| Untracked 
|  39|0x00000000c3d00000, 0x00000000c3d00000, 0x00000000c3e00000|  0%| F|  |TAMS 0x00000000c3d00000, 0x00000000c3d00000| Untracked 
|  40|0x00000000c3e00000, 0x00000000c3e00000, 0x00000000c3f00000|  0%| F|  |TAMS 0x00000000c3e00000, 0x00000000c3e00000| Untracked 
|  41|0x00000000c3f00000, 0x00000000c3f00000, 0x00000000c4000000|  0%| F|  |TAMS 0x00000000c3f00000, 0x00000000c3f00000| Untracked 
|  42|0x00000000c4000000, 0x00000000c4000000, 0x00000000c4100000|  0%| F|  |TAMS 0x00000000c4000000, 0x00000000c4000000| Untracked 
|  43|0x00000000c4100000, 0x00000000c4100000, 0x00000000c4200000|  0%| F|  |TAMS 0x00000000c4100000, 0x00000000c4100000| Untracked 
|  44|0x00000000c4200000, 0x00000000c4200000, 0x00000000c4300000|  0%| F|  |TAMS 0x00000000c4200000, 0x00000000c4200000| Untracked 
|  45|0x00000000c4300000, 0x00000000c4300000, 0x00000000c4400000|  0%| F|  |TAMS 0x00000000c4300000, 0x00000000c4300000| Untracked 
|  46|0x00000000c4400000, 0x00000000c4400000, 0x00000000c4500000|  0%| F|  |TAMS 0x00000000c4400000, 0x00000000c4400000| Untracked 
|  47|0x00000000c4500000, 0x00000000c4500000, 0x00000000c4600000|  0%| F|  |TAMS 0x00000000c4500000, 0x00000000c4500000| Untracked 
|  48|0x00000000c4600000, 0x00000000c4600000, 0x00000000c4700000|  0%| F|  |TAMS 0x00000000c4600000, 0x00000000c4600000| Untracked 
|  49|0x00000000c4700000, 0x00000000c4700000, 0x00000000c4800000|  0%| F|  |TAMS 0x00000000c4700000, 0x00000000c4700000| Untracked 
|  50|0x00000000c4800000, 0x00000000c4800000, 0x00000000c4900000|  0%| F|  |TAMS 0x00000000c4800000, 0x00000000c4800000| Untracked 
|  51|0x00000000c4900000, 0x00000000c4900000, 0x00000000c4a00000|  0%| F|  |TAMS 0x00000000c4900000, 0x00000000c4900000| Untracked 
|  52|0x00000000c4a00000, 0x00000000c4a00000, 0x00000000c4b00000|  0%| F|  |TAMS 0x00000000c4a00000, 0x00000000c4a00000| Untracked 
|  53|0x00000000c4b00000, 0x00000000c4b00000, 0x00000000c4c00000|  0%| F|  |TAMS 0x00000000c4b00000, 0x00000000c4b00000| Untracked 
|  54|0x00000000c4c00000, 0x00000000c4c00000, 0x00000000c4d00000|  0%| F|  |TAMS 0x00000000c4c00000, 0x00000000c4c00000| Untracked 
|  55|0x00000000c4d00000, 0x00000000c4d00000, 0x00000000c4e00000|  0%| F|  |TAMS 0x00000000c4d00000, 0x00000000c4d00000| Untracked 
|  56|0x00000000c4e00000, 0x00000000c4e00000, 0x00000000c4f00000|  0%| F|  |TAMS 0x00000000c4e00000, 0x00000000c4e00000| Untracked 
|  57|0x00000000c4f00000, 0x00000000c4f00000, 0x00000000c5000000|  0%| F|  |TAMS 0x00000000c4f00000, 0x00000000c4f00000| Untracked 
|  58|0x00000000c5000000, 0x00000000c5000000, 0x00000000c5100000|  0%| F|  |TAMS 0x00000000c5000000, 0x00000000c5000000| Untracked 
|  59|0x00000000c5100000, 0x00000000c5100000, 0x00000000c5200000|  0%| F|  |TAMS 0x00000000c5100000, 0x00000000c5100000| Untracked 
|  60|0x00000000c5200000, 0x00000000c5200000, 0x00000000c5300000|  0%| F|  |TAMS 0x00000000c5200000, 0x00000000c5200000| Untracked 
|  61|0x00000000c5300000, 0x00000000c5300000, 0x00000000c5400000|  0%| F|  |TAMS 0x00000000c5300000, 0x00000000c5300000| Untracked 
|  62|0x00000000c5400000, 0x00000000c542d300, 0x00000000c5500000| 17%| S|CS|TAMS 0x00000000c5400000, 0x00000000c5400000| Complete 
|  63|0x00000000c5500000, 0x00000000c5500000, 0x00000000c5600000|  0%| F|  |TAMS 0x00000000c5500000, 0x00000000c5500000| Untracked 

Card table byte_map: [0x0000017366b80000,0x0000017366d80000] _byte_map_base: 0x0000017366575000

Marking Bits (Prev, Next): (CMBitMap*) 0x000001734e98a128, (CMBitMap*) 0x000001734e98a160
 Prev Bits: [0x0000017366f80000, 0x0000017367f28000)
 Next Bits: [0x0000017367f30000, 0x0000017368ed8000)

Polling page: 0x000001734cf20000

Metaspace:

Usage:
  Non-class:     10.00 MB capacity,     9.90 MB (>99%) used,    73.59 KB ( <1%) free+waste,    20.44 KB ( <1%) overhead. 
      Class:      1.08 MB capacity,     1.00 MB ( 93%) used,    71.12 KB (  6%) free+waste,     9.75 KB ( <1%) overhead. 
       Both:     11.08 MB capacity,    10.91 MB ( 98%) used,   144.71 KB (  1%) free+waste,    30.19 KB ( <1%) overhead. 

Virtual space:
  Non-class space:       18.00 MB reserved,      10.00 MB ( 56%) committed 
      Class space:        1.00 GB reserved,       1.13 MB ( <1%) committed 
             Both:        1.02 GB reserved,      11.13 MB (  1%) committed 

Chunk freelists:
   Non-Class:  4.00 KB
       Class:  0 bytes
        Both:  4.00 KB

MaxMetaspaceSize: 17179869184.00 GB
CompressedClassSpaceSize: 1.00 GB
Initial GC threshold: 20.80 MB
Current GC threshold: 21.12 MB
CDS: off

CodeHeap 'non-profiled nmethods': size=120064Kb used=268Kb max_used=268Kb free=119795Kb
 bounds [0x000001735ee20000, 0x000001735f090000, 0x0000017366360000]
CodeHeap 'profiled nmethods': size=120000Kb used=1502Kb max_used=1502Kb free=118497Kb
 bounds [0x00000173578f0000, 0x0000017357b60000, 0x000001735ee20000]
CodeHeap 'non-nmethods': size=5696Kb used=1133Kb max_used=1148Kb free=4562Kb
 bounds [0x0000017357360000, 0x00000173575d0000, 0x00000173578f0000]
 total_blobs=1214 nmethods=827 adapters=300
 compilation: enabled
              stopped_count=0, restarted_count=0
 full_count=0

Compilation events (20 events):
Event: 0.632 Thread 0x000001736bcb6800 nmethod 788 0x0000017357a3ab90 code [0x0000017357a3ad80, 0x0000017357a3b208]
Event: 0.632 Thread 0x000001736bcb6800  789       3       java.util.jar.JarFile$1::apply (13 bytes)
Event: 0.632 Thread 0x000001736bcb6800 nmethod 789 0x0000017357a3b390 code [0x0000017357a3b560, 0x0000017357a3b888]
Event: 0.632 Thread 0x000001736bcb6800  790       3       java.net.URL::getDefaultPort (8 bytes)
Event: 0.632 Thread 0x000001736bcb6800 nmethod 790 0x0000017357a3ba10 code [0x0000017357a3bbc0, 0x0000017357a3bd98]
Event: 0.634 Thread 0x000001736bcb6800  791       3       java.util.WeakHashMap::remove (133 bytes)
Event: 0.634 Thread 0x000001736bcb6800 nmethod 791 0x0000017357a3be90 code [0x0000017357a3c0e0, 0x0000017357a3cb88]
Event: 0.635 Thread 0x000001736bcb6800  792   !   3       java.util.zip.ZipFile$ZipFileInflaterInputStream::close (67 bytes)
Event: 0.635 Thread 0x000001736bcb6800 nmethod 792 0x0000017357a3cf90 code [0x0000017357a3d1a0, 0x0000017357a3d838]
Event: 0.647 Thread 0x000001736bcb6800  793       3       java.lang.String::indexOf (18 bytes)
Event: 0.647 Thread 0x000001736bcb6800 nmethod 793 0x0000017357a3db10 code [0x0000017357a3dce0, 0x0000017357a3dfa8]
Event: 0.647 Thread 0x000001736bcb6800  794       3       java.lang.String::indexOf (113 bytes)
Event: 0.648 Thread 0x000001736bcb6800 nmethod 794 0x0000017357a3e110 code [0x0000017357a3e3a0, 0x0000017357a3edc8]
Event: 0.654 Thread 0x000001736bcb6800  795       3       sun.net.www.protocol.jar.Handler::checkNestedProtocol (18 bytes)
Event: 0.654 Thread 0x000001736bcb6800 nmethod 795 0x0000017357a3f210 code [0x0000017357a3f3e0, 0x0000017357a3f5a8]
Event: 0.654 Thread 0x000001736bcb6800  796       3       java.net.URL::toString (5 bytes)
Event: 0.654 Thread 0x000001736bcb6800 nmethod 796 0x0000017357a3f690 code [0x0000017357a3f860, 0x0000017357a3fa88]
Event: 0.654 Thread 0x000001736bcb6800  797       3       java.net.URL::toExternalForm (9 bytes)
Event: 0.654 Thread 0x000001736bcb6800 nmethod 797 0x0000017357a3fb90 code [0x0000017357a3fd40, 0x0000017357a3ff08]
Event: 0.654 Thread 0x000001736bcb6800  798   !   3       java.net.URL::<init> (543 bytes)

GC Heap History (2 events):
Event: 0.513 GC heap before
{Heap before GC invocations=0 (full 0):
 garbage-first heap   total 65536K, used 14336K [0x00000000c1600000, 0x0000000100000000)
  region size 1024K, 14 young (14336K), 0 survivors (0K)
 Metaspace       used 10344K, capacity 10569K, committed 10752K, reserved 1058816K
  class space    used 932K, capacity 995K, committed 1024K, reserved 1048576K
}
Event: 0.522 GC heap after
{Heap after GC invocations=1 (full 0):
 garbage-first heap   total 65536K, used 7072K [0x00000000c1600000, 0x0000000100000000)
  region size 1024K, 2 young (2048K), 2 survivors (2048K)
 Metaspace       used 10344K, capacity 10569K, committed 10752K, reserved 1058816K
  class space    used 932K, capacity 995K, committed 1024K, reserved 1048576K
}

Deoptimization events (20 events):
Event: 0.448 Thread 0x000001734e95c000 DEOPT PACKING pc=0x0000017357920cd0 sp=0x00000053774fd7f0
Event: 0.448 Thread 0x000001734e95c000 DEOPT UNPACKING pc=0x00000173573aa95e sp=0x00000053774fcc78 mode 0
Event: 0.449 Thread 0x000001734e95c000 DEOPT PACKING pc=0x0000017357920cd0 sp=0x00000053774fdaf0
Event: 0.449 Thread 0x000001734e95c000 DEOPT UNPACKING pc=0x00000173573aa95e sp=0x00000053774fcf78 mode 0
Event: 0.450 Thread 0x000001734e95c000 DEOPT PACKING pc=0x0000017357920cd0 sp=0x00000053774fdaf0
Event: 0.450 Thread 0x000001734e95c000 DEOPT UNPACKING pc=0x00000173573aa95e sp=0x00000053774fcf78 mode 0
Event: 0.451 Thread 0x000001734e95c000 DEOPT PACKING pc=0x0000017357920cd0 sp=0x00000053774fd770
Event: 0.451 Thread 0x000001734e95c000 DEOPT UNPACKING pc=0x00000173573aa95e sp=0x00000053774fcbf8 mode 0
Event: 0.453 Thread 0x000001734e95c000 DEOPT PACKING pc=0x0000017357920cd0 sp=0x00000053774fc050
Event: 0.453 Thread 0x000001734e95c000 DEOPT UNPACKING pc=0x00000173573aa95e sp=0x00000053774fb4d8 mode 0
Event: 0.454 Thread 0x000001734e95c000 DEOPT PACKING pc=0x0000017357920cd0 sp=0x00000053774fa5d0
Event: 0.454 Thread 0x000001734e95c000 DEOPT UNPACKING pc=0x00000173573aa95e sp=0x00000053774f9a58 mode 0
Event: 0.455 Thread 0x000001734e95c000 DEOPT PACKING pc=0x0000017357920cd0 sp=0x00000053774f8c50
Event: 0.455 Thread 0x000001734e95c000 DEOPT UNPACKING pc=0x00000173573aa95e sp=0x00000053774f80d8 mode 0
Event: 0.503 Thread 0x000001734e95c000 Uncommon trap: trap_request=0xffffff4d fr.pc=0x000001735ee45f80 relative=0x0000000000000060
Event: 0.503 Thread 0x000001734e95c000 Uncommon trap: reason=unstable_if action=reinterpret pc=0x000001735ee45f80 method=java.io.WinNTFileSystem.isSlash(C)Z @ 9 c2
Event: 0.503 Thread 0x000001734e95c000 DEOPT PACKING pc=0x000001735ee45f80 sp=0x00000053774fe180
Event: 0.503 Thread 0x000001734e95c000 DEOPT UNPACKING pc=0x00000173573aa1af sp=0x00000053774fe108 mode 2
Event: 0.506 Thread 0x000001734e95c000 DEOPT PACKING pc=0x000001735790f2e2 sp=0x00000053774fd4b0
Event: 0.506 Thread 0x000001734e95c000 DEOPT UNPACKING pc=0x00000173573aa95e sp=0x00000053774fc940 mode 0

Classes redefined (0 events):
No events

Internal exceptions (9 events):
Event: 0.194 Thread 0x000001734e95c000 Exception <a 'java/lang/NoSuchMethodError'{0x00000000c52f2da8}: 'java.lang.Object java.lang.invoke.DirectMethodHandle$Holder.invokeStaticInit(java.lang.Object, java.lang.Object, java.lang.Object)'> (0x00000000c52f2da8) thrown at [./src/hotspot/share/interpreter/linkResolver.cpp, line 773]
Event: 0.282 Thread 0x000001736c1ff000 Exception <a 'java/lang/NoSuchMethodError'{0x00000000c50c98b8}: 'void java.lang.invoke.DirectMethodHandle$Holder.invokeStatic(java.lang.Object, long)'> (0x00000000c50c98b8) thrown at [./src/hotspot/share/interpreter/linkResolver.cpp, line 773]
Event: 0.283 Thread 0x000001736c1ff000 Exception <a 'java/lang/NoSuchMethodError'{0x00000000c50ce860}: 'java.lang.Object java.lang.invoke.DirectMethodHandle$Holder.invokeStatic(java.lang.Object, long)'> (0x00000000c50ce860) thrown at [./src/hotspot/share/interpreter/linkResolver.cpp, line 773]
Event: 0.286 Thread 0x000001736c1ff000 Exception <a 'java/lang/NoSuchMethodError'{0x00000000c4f04458}: 'java.lang.Object java.lang.invoke.DirectMethodHandle$Holder.invokeStaticInit(java.lang.Object, java.lang.Object, long, java.lang.Object)'> (0x00000000c4f04458) thrown at [./src/hotspot/share/interpreter/linkResolver.cpp, line 773]
Event: 0.287 Thread 0x000001736c1ff000 Exception <a 'java/lang/NoSuchMethodError'{0x00000000c4f0a380}: 'java.lang.Object java.lang.invoke.DirectMethodHandle$Holder.invokeStatic(java.lang.Object, java.lang.Object, long)'> (0x00000000c4f0a380) thrown at [./src/hotspot/share/interpreter/linkResolver.cpp, line 773]
Event: 0.287 Thread 0x000001736c1ff000 Exception <a 'java/lang/NoSuchMethodError'{0x00000000c4f10650}: 'java.lang.Object java.lang.invoke.Invokers$Holder.linkToTargetMethod(java.lang.Object, long, java.lang.Object)'> (0x00000000c4f10650) thrown at [./src/hotspot/share/interpreter/linkResolver.cpp, line 773]
Event: 0.294 Thread 0x000001736c1ff000 Exception <a 'java/lang/NoSuchMethodError'{0x00000000c4f283d0}: 'int java.lang.invoke.DirectMethodHandle$Holder.invokeSpecialIFC(java.lang.Object, java.lang.Object, int)'> (0x00000000c4f283d0) thrown at [./src/hotspot/share/interpreter/linkResolver.cpp, line 773]
Event: 0.585 Thread 0x000001734e95c000 Exception <a 'java/lang/NoSuchMethodError'{0x00000000c54be1c0}: 'int java.lang.invoke.DirectMethodHandle$Holder.invokeVirtual(java.lang.Object, java.lang.Object)'> (0x00000000c54be1c0) thrown at [./src/hotspot/share/interpreter/linkResolver.cpp, line 773]
Event: 0.601 Thread 0x000001734e95c000 Exception <a 'java/lang/NoSuchMethodError'{0x00000000c54e7f40}: 'java.lang.Object java.lang.invoke.DirectMethodHandle$Holder.invokeStaticInit(java.lang.Object, int)'> (0x00000000c54e7f40) thrown at [./src/hotspot/share/interpreter/linkResolver.cpp, line 773]

Events (20 events):
Event: 0.627 loading class org/junit/jupiter/api/TestInstance$Lifecycle
Event: 0.627 loading class org/junit/jupiter/api/TestInstance$Lifecycle done
Event: 0.631 loading class org/junit/jupiter/api/parallel/ExecutionMode
Event: 0.631 loading class org/junit/jupiter/api/parallel/ExecutionMode done
Event: 0.633 loading class org/junit/jupiter/engine/config/EnumConfigurationParameterConverter
Event: 0.633 loading class org/junit/jupiter/engine/config/EnumConfigurationParameterConverter done
Event: 0.634 loading class org/junit/jupiter/engine/config/InstantiatingConfigurationParameterConverter
Event: 0.634 loading class org/junit/jupiter/engine/config/InstantiatingConfigurationParameterConverter done
Event: 0.636 loading class org/junit/jupiter/api/DisplayNameGenerator
Event: 0.636 loading class org/junit/jupiter/api/DisplayNameGenerator done
Event: 0.647 loading class org/junit/jupiter/api/MethodOrderer
Event: 0.647 loading class org/junit/jupiter/api/MethodOrderer done
Event: 0.653 loading class org/junit/jupiter/engine/descriptor/JupiterEngineDescriptor
Event: 0.653 loading class org/junit/jupiter/engine/descriptor/JupiterEngineDescriptor done
Event: 0.653 loading class org/junit/platform/engine/support/hierarchical/Node
Event: 0.653 loading class org/junit/platform/engine/support/hierarchical/Node done
Event: 0.654 loading class org/junit/platform/engine/support/descriptor/EngineDescriptor
Event: 0.654 loading class org/junit/platform/engine/support/descriptor/EngineDescriptor done
Event: 0.655 loading class org/junit/platform/engine/support/descriptor/AbstractTestDescriptor
Event: 0.655 loading class org/junit/platform/engine/support/descriptor/AbstractTestDescriptor done


Dynamic libraries:
0x00007ff6b0340000 - 0x00007ff6b034d000 	C:\Users\Lenovo\AppData\Local\Java\zulu11.52.13-ca-jdk11.0.13-win_x64\zulu11.52.13-ca-jdk11.0.13-win_x64\bin\java.exe
0x00007ffb09810000 - 0x00007ffb09a05000 	C:\WINDOWS\SYSTEM32\ntdll.dll
0x00007ffb079d0000 - 0x00007ffb07a8e000 	C:\WINDOWS\System32\KERNEL32.DLL
0x00007ffb07110000 - 0x00007ffb073d9000 	C:\WINDOWS\System32\KERNELBASE.dll
0x00007ffb073e0000 - 0x00007ffb074e0000 	C:\WINDOWS\System32\ucrtbase.dll
0x00007ffb01050000 - 0x00007ffb01067000 	C:\Users\Lenovo\AppData\Local\Java\zulu11.52.13-ca-jdk11.0.13-win_x64\zulu11.52.13-ca-jdk11.0.13-win_x64\bin\jli.dll
0x00007ffb01390000 - 0x00007ffb013a5000 	C:\Users\Lenovo\AppData\Local\Java\zulu11.52.13-ca-jdk11.0.13-win_x64\zulu11.52.13-ca-jdk11.0.13-win_x64\bin\VCRUNTIME140.dll
0x00007ffb094c0000 - 0x00007ffb09661000 	C:\WINDOWS\System32\USER32.dll
0x00007ffb070e0000 - 0x00007ffb07102000 	C:\WINDOWS\System32\win32u.dll
0x00007ffb09670000 - 0x00007ffb0969b000 	C:\WINDOWS\System32\GDI32.dll
0x00007ffb06f30000 - 0x00007ffb0703b000 	C:\WINDOWS\System32\gdi32full.dll
0x00007ffb07040000 - 0x00007ffb070dd000 	C:\WINDOWS\System32\msvcp_win.dll
0x00007ffaf5c80000 - 0x00007ffaf5f1a000 	C:\WINDOWS\WinSxS\amd64_microsoft.windows.common-controls_6595b64144ccf1df_6.0.19041.1110_none_60b5254171f9507e\COMCTL32.dll
0x00007ffb08ad0000 - 0x00007ffb08b6e000 	C:\WINDOWS\System32\msvcrt.dll
0x00007ffb079a0000 - 0x00007ffb079d0000 	C:\WINDOWS\System32\IMM32.DLL
0x00007ffae6dc0000 - 0x00007ffae6e5b000 	C:\Users\Lenovo\AppData\Local\Java\zulu11.52.13-ca-jdk11.0.13-win_x64\zulu11.52.13-ca-jdk11.0.13-win_x64\bin\msvcp140.dll
0x00007ffad1150000 - 0x00007ffad1cda000 	C:\Users\Lenovo\AppData\Local\Java\zulu11.52.13-ca-jdk11.0.13-win_x64\zulu11.52.13-ca-jdk11.0.13-win_x64\bin\server\jvm.dll
0x00007ffb09410000 - 0x00007ffb094bc000 	C:\WINDOWS\System32\ADVAPI32.dll
0x00007ffb085b0000 - 0x00007ffb0864b000 	C:\WINDOWS\System32\sechost.dll
0x00007ffb096a0000 - 0x00007ffb097ca000 	C:\WINDOWS\System32\RPCRT4.dll
0x00007ffb078e0000 - 0x00007ffb078e8000 	C:\WINDOWS\System32\PSAPI.DLL
0x00007ffafc360000 - 0x00007ffafc369000 	C:\WINDOWS\SYSTEM32\WSOCK32.dll
0x00007ffae71f0000 - 0x00007ffae7217000 	C:\WINDOWS\SYSTEM32\WINMM.dll
0x00007ffb07c40000 - 0x00007ffb07cab000 	C:\WINDOWS\System32\WS2_32.dll
0x00007ffafff30000 - 0x00007ffafff3a000 	C:\WINDOWS\SYSTEM32\VERSION.dll
0x00007ffb057a0000 - 0x00007ffb057b2000 	C:\WINDOWS\SYSTEM32\kernel.appcore.dll
0x00007ffb03ed0000 - 0x00007ffb03ee0000 	C:\Users\Lenovo\AppData\Local\Java\zulu11.52.13-ca-jdk11.0.13-win_x64\zulu11.52.13-ca-jdk11.0.13-win_x64\bin\verify.dll
0x00007ffb04d40000 - 0x00007ffb04f24000 	C:\WINDOWS\SYSTEM32\DBGHELP.DLL
0x00007ffaf2bc0000 - 0x00007ffaf2bec000 	C:\WINDOWS\SYSTEM32\dbgcore.DLL
0x00007ffb07510000 - 0x00007ffb07593000 	C:\WINDOWS\System32\bcryptPrimitives.dll
0x00007ffaf5430000 - 0x00007ffaf5458000 	C:\Users\Lenovo\AppData\Local\Java\zulu11.52.13-ca-jdk11.0.13-win_x64\zulu11.52.13-ca-jdk11.0.13-win_x64\bin\java.dll
0x00007ffb01c00000 - 0x00007ffb01c0a000 	C:\Users\Lenovo\AppData\Local\Java\zulu11.52.13-ca-jdk11.0.13-win_x64\zulu11.52.13-ca-jdk11.0.13-win_x64\bin\jimage.dll
0x00007ffafc3b0000 - 0x00007ffafc3c7000 	C:\Users\Lenovo\AppData\Local\Java\zulu11.52.13-ca-jdk11.0.13-win_x64\zulu11.52.13-ca-jdk11.0.13-win_x64\bin\zip.dll
0x00007ffb08c20000 - 0x00007ffb0935f000 	C:\WINDOWS\System32\SHELL32.dll
0x00007ffb05010000 - 0x00007ffb057a0000 	C:\WINDOWS\SYSTEM32\windows.storage.dll
0x00007ffb07f20000 - 0x00007ffb08275000 	C:\WINDOWS\System32\combase.dll
0x00007ffb068b0000 - 0x00007ffb068dc000 	C:\WINDOWS\SYSTEM32\Wldp.dll
0x00007ffb09360000 - 0x00007ffb0940d000 	C:\WINDOWS\System32\SHCORE.dll
0x00007ffb07de0000 - 0x00007ffb07e35000 	C:\WINDOWS\System32\shlwapi.dll
0x00007ffb06e70000 - 0x00007ffb06e8f000 	C:\WINDOWS\SYSTEM32\profapi.dll
0x00007ffafc370000 - 0x00007ffafc389000 	C:\Users\Lenovo\AppData\Local\Java\zulu11.52.13-ca-jdk11.0.13-win_x64\zulu11.52.13-ca-jdk11.0.13-win_x64\bin\net.dll
0x00007ffafd270000 - 0x00007ffafd378000 	C:\WINDOWS\SYSTEM32\WINHTTP.dll
0x00007ffb06610000 - 0x00007ffb0667a000 	C:\WINDOWS\system32\mswsock.dll
0x00007ffafc230000 - 0x00007ffafc242000 	C:\Users\Lenovo\AppData\Local\Java\zulu11.52.13-ca-jdk11.0.13-win_x64\zulu11.52.13-ca-jdk11.0.13-win_x64\bin\nio.dll
0x00007ffb01ba0000 - 0x00007ffb01ba9000 	C:\Users\Lenovo\AppData\Local\Java\zulu11.52.13-ca-jdk11.0.13-win_x64\zulu11.52.13-ca-jdk11.0.13-win_x64\bin\management.dll
0x00007ffb01080000 - 0x00007ffb0108b000 	C:\Users\Lenovo\AppData\Local\Java\zulu11.52.13-ca-jdk11.0.13-win_x64\zulu11.52.13-ca-jdk11.0.13-win_x64\bin\management_ext.dll

dbghelp: loaded successfully - version: 4.0.5 - missing functions: none
symbol engine: initialized successfully - sym options: 0x614 - pdb path: .;C:\Users\Lenovo\AppData\Local\Java\zulu11.52.13-ca-jdk11.0.13-win_x64\zulu11.52.13-ca-jdk11.0.13-win_x64\bin;C:\WINDOWS\SYSTEM32;C:\WINDOWS\WinSxS\amd64_microsoft.windows.common-controls_6595b64144ccf1df_6.0.19041.1110_none_60b5254171f9507e;C:\Users\Lenovo\AppData\Local\Java\zulu11.52.13-ca-jdk11.0.13-win_x64\zulu11.52.13-ca-jdk11.0.13-win_x64\bin\server

VM Arguments:
java_command: C:\Users\Lenovo\AppData\Local\Temp\surefire1348651016273634492\surefirebooter9628637190947362061.jar C:\Users\Lenovo\AppData\Local\Temp\surefire1348651016273634492 2021-10-26T14-20-20_109-jvmRun1 surefire12361069995852523914tmp surefire_03253519204998193649tmp
java_class_path (initial): C:\Users\Lenovo\AppData\Local\Temp\surefire1348651016273634492\surefirebooter9628637190947362061.jar
Launcher Type: SUN_STANDARD

[Global flags]
     intx CICompilerCount                          = 3                                         {product} {ergonomic}
     uint ConcGCThreads                            = 1                                         {product} {ergonomic}
     uint G1ConcRefinementThreads                  = 4                                         {product} {ergonomic}
   size_t G1HeapRegionSize                         = 1048576                                   {product} {ergonomic}
    uintx GCDrainStackTargetSize                   = 64                                        {product} {ergonomic}
   size_t InitialHeapSize                          = 67108864                                  {product} {ergonomic}
   size_t MarkStackSize                            = 4194304                                   {product} {ergonomic}
   size_t MaxHeapSize                              = 1050673152                                {product} {ergonomic}
   size_t MaxNewSize                               = 630194176                                 {product} {ergonomic}
   size_t MinHeapDeltaBytes                        = 1048576                                   {product} {ergonomic}
    uintx NonNMethodCodeHeapSize                   = 5830732                                {pd product} {ergonomic}
    uintx NonProfiledCodeHeapSize                  = 122913754                              {pd product} {ergonomic}
    uintx ProfiledCodeHeapSize                     = 122913754                              {pd product} {ergonomic}
    uintx ReservedCodeCacheSize                    = 251658240                              {pd product} {ergonomic}
     bool SegmentedCodeCache                       = true                                      {product} {ergonomic}
     bool UseCompressedClassPointers               = true                                 {lp64_product} {ergonomic}
     bool UseCompressedOops                        = true                                 {lp64_product} {ergonomic}
     bool UseG1GC                                  = true                                      {product} {ergonomic}
     bool UseLargePagesIndividualAllocation        = false                                  {pd product} {ergonomic}

Logging:
Log output configuration:
 #0: stdout all=warning uptime,level,tags
 #1: stderr all=off uptime,level,tags

Environment Variables:
JAVA_HOME=C:\Users\Lenovo\AppData\Local\Java\zulu11.52.13-ca-jdk11.0.13-win_x64\zulu11.52.13-ca-jdk11.0.13-win_x64
PATH=C:\Program Files\Common Files\Oracle\Java\javapath;C:\Program Files\Eclipse Foundation\jdk-11.0.12.7-hotspot\bin;C:\Program Files (x86)\Common Files\Oracle\Java\javapath;C:\WINDOWS\system32;C:\WINDOWS;C:\WINDOWS\System32\Wbem;C:\WINDOWS\System32\WindowsPowerShell\v1.0\;C:\WINDOWS\System32\OpenSSH\;C:\Program Files\Git\cmd;C:\Program Files\MySQL\MySQL Shell 8.0\bin\;C:\Users\Lenovo\AppData\Local\Programs\Python\Python39\Scripts\;C:\Users\Lenovo\AppData\Local\Programs\Python\Python39\;C:\Users\Lenovo\AppData\Local\Microsoft\WindowsApps;C:\Users\Lenovo\AppData\Local\Programs\Microsoft VS Code\bin;C:\Users\Lenovo\AppData\Local\GitHubDesktop\bin
USERNAME=Lenovo
OS=Windows_NT
PROCESSOR_IDENTIFIER=Intel64 Family 6 Model 142 Stepping 10, GenuineIntel



---------------  S Y S T E M  ---------------

OS: Windows 10 , 64 bit Build 19041 (10.0.19041.1202)
OS uptime: 1 days 7:02 hours

CPU:total 4 (initial active 4) (2 cores per cpu, 2 threads per core) family 6 model 142 stepping 10 microcode 0xb4, cmov, cx8, fxsr, mmx, sse, sse2, sse3, ssse3, sse4.1, sse4.2, popcnt, avx, avx2, aes, clmul, erms, 3dnowpref, lzcnt, ht, tsc, tscinvbit, bmi1, bmi2, adx, fma

Memory: 4k page, system-wide physical 4001M (314M free)
TotalPageFile size 7501M (AvailPageFile size 0M)
current process WorkingSet (physical memory assigned to process): 71M, peak: 71M
current process commit charge ("private bytes"): 148M, peak: 150M

vm_info: OpenJDK 64-Bit Server VM (11.0.13+8-LTS) for windows-amd64 JRE (Zulu11.52+13-CA) (11.0.13+8-LTS), built on Oct  7 2021 16:00:23 by "zulu_re" with MS VC++ 15.9 (VS2017)

END.
